Using pre-set license
Built from '2021.3/staging' branch; Version is '2021.3.5f1 (40eb3a945986) revision 4254522'; Using compiler version '192829333'; Build Type 'Release'
OS: 'Windows 11  (10.0.22000) 64bit Core' Language: 'zh' Physical Memory: 16067 MB
BatchMode: 1, IsHumanControllingUs: 0, StartBugReporterOnCrash: 0, Is64bit: 1, IsPro: 1

COMMAND LINE ARGUMENTS:
D:\App\Unity Hub\2021.3.5f1\Editor\Unity.exe
-adb2
-batchMode
-noUpm
-name
AssetImportWorker0
-projectPath
D:/Github/Room Model/room model
-logFile
Logs/AssetImportWorker0.log
-srvPort
59379
Successfully changed project path to: D:/Github/Room Model/room model
D:/Github/Room Model/room model
[UnityMemory] Configuration Parameters - Can be set up in boot.config
    "memorysetup-bucket-allocator-granularity=16"
    "memorysetup-bucket-allocator-bucket-count=8"
    "memorysetup-bucket-allocator-block-size=33554432"
    "memorysetup-bucket-allocator-block-count=8"
    "memorysetup-main-allocator-block-size=16777216"
    "memorysetup-thread-allocator-block-size=16777216"
    "memorysetup-gfx-main-allocator-block-size=16777216"
    "memorysetup-gfx-thread-allocator-block-size=16777216"
    "memorysetup-cache-allocator-block-size=4194304"
    "memorysetup-typetree-allocator-block-size=2097152"
    "memorysetup-profiler-bucket-allocator-granularity=16"
    "memorysetup-profiler-bucket-allocator-bucket-count=8"
    "memorysetup-profiler-bucket-allocator-block-size=33554432"
    "memorysetup-profiler-bucket-allocator-block-count=8"
    "memorysetup-profiler-allocator-block-size=16777216"
    "memorysetup-profiler-editor-allocator-block-size=1048576"
    "memorysetup-temp-allocator-size-main=16777216"
    "memorysetup-job-temp-allocator-block-size=2097152"
    "memorysetup-job-temp-allocator-block-size-background=1048576"
    "memorysetup-job-temp-allocator-reduction-small-platforms=262144"
    "memorysetup-temp-allocator-size-background-worker=32768"
    "memorysetup-temp-allocator-size-job-worker=262144"
    "memorysetup-temp-allocator-size-preload-manager=33554432"
    "memorysetup-temp-allocator-size-nav-mesh-worker=65536"
    "memorysetup-temp-allocator-size-audio-worker=65536"
    "memorysetup-temp-allocator-size-cloud-worker=32768"
    "memorysetup-temp-allocator-size-gi-baking-worker=262144"
    "memorysetup-temp-allocator-size-gfx=262144"
Refreshing native plugins compatible for Editor in 54.70 ms, found 3 plugins.
Preloading 0 native plugins for Editor in 0.00 ms.
Initialize engine version: 2021.3.5f1 (40eb3a945986)
[Subsystems] Discovering subsystems at path D:/App/Unity Hub/2021.3.5f1/Editor/Data/Resources/UnitySubsystems
[Subsystems] Discovering subsystems at path D:/Github/Room Model/room model/Assets
GfxDevice: creating device client; threaded=0; jobified=0
Direct3D:
    Version:  Direct3D 11.0 [level 11.1]
    Renderer: NVIDIA GeForce RTX 3060 Laptop GPU (ID=0x2560)
    Vendor:   NVIDIA
    VRAM:     6023 MB
    Driver:   31.0.15.1700
Initialize mono
Mono path[0] = 'D:/App/Unity Hub/2021.3.5f1/Editor/Data/Managed'
Mono path[1] = 'D:/App/Unity Hub/2021.3.5f1/Editor/Data/MonoBleedingEdge/lib/mono/unityjit-win32'
Mono config path = 'D:/App/Unity Hub/2021.3.5f1/Editor/Data/MonoBleedingEdge/etc'
Using monoOptions --debugger-agent=transport=dt_socket,embedding=1,server=y,suspend=n,address=127.0.0.1:56752
Begin MonoManager ReloadAssembly
Registering precompiled unity dll's ...
Register platform support module: D:/App/Unity Hub/2021.3.5f1/Editor/Data/PlaybackEngines/WindowsStandaloneSupport/UnityEditor.WindowsStandalone.Extensions.dll
Registered in 0.001186 seconds.
Native extension for WindowsStandalone target not found
Refreshing native plugins compatible for Editor in 65.19 ms, found 3 plugins.
Preloading 0 native plugins for Editor in 0.00 ms.
Mono: successfully reloaded assembly
- Completed reload, in  0.450 seconds
Domain Reload Profiling:
	ReloadAssembly (451ms)
		BeginReloadAssembly (54ms)
			ExecutionOrderSort (0ms)
			DisableScriptedObjects (0ms)
			BackupInstance (0ms)
			ReleaseScriptingObjects (0ms)
			CreateAndSetChildDomain (0ms)
		EndReloadAssembly (331ms)
			LoadAssemblies (53ms)
			RebuildTransferFunctionScriptingTraits (0ms)
			SetupTypeCache (70ms)
			ReleaseScriptCaches (0ms)
			RebuildScriptCaches (17ms)
			SetupLoadedEditorAssemblies (212ms)
				LogAssemblyErrors (0ms)
				InitializePlatformSupportModulesInManaged (6ms)
				SetLoadedEditorAssemblies (0ms)
				RefreshPlugins (65ms)
				BeforeProcessingInitializeOnLoad (1ms)
				ProcessInitializeOnLoadAttributes (105ms)
				ProcessInitializeOnLoadMethodAttributes (34ms)
				AfterProcessingInitializeOnLoad (0ms)
				EditorAssembliesLoaded (0ms)
			ExecutionOrderSort2 (0ms)
			AwakeInstancesAfterBackupRestoration (0ms)
Platform modules already initialized, skipping
Registering precompiled user dll's ...
Registered in 0.003798 seconds.
Begin MonoManager ReloadAssembly
Symbol file LoadedFromMemory doesn't match image D:\Github\Room Model\room model\Library\PackageCache\com.unity.visualscripting@1.7.8\Editor\VisualScripting.Core\Dependencies\YamlDotNet\Unity.VisualScripting.YamlDotNet.dll
Symbol file LoadedFromMemory doesn't match image D:\Github\Room Model\room model\Library\PackageCache\com.unity.visualscripting@1.7.8\Editor\VisualScripting.Core\Dependencies\DotNetZip\Unity.VisualScripting.IonicZip.dll
Native extension for WindowsStandalone target not found
Refreshing native plugins compatible for Editor in 0.44 ms, found 3 plugins.
Preloading 0 native plugins for Editor in 0.00 ms.
Mono: successfully reloaded assembly
- Completed reload, in  0.700 seconds
Domain Reload Profiling:
	ReloadAssembly (701ms)
		BeginReloadAssembly (74ms)
			ExecutionOrderSort (0ms)
			DisableScriptedObjects (3ms)
			BackupInstance (0ms)
			ReleaseScriptingObjects (0ms)
			CreateAndSetChildDomain (13ms)
		EndReloadAssembly (557ms)
			LoadAssemblies (63ms)
			RebuildTransferFunctionScriptingTraits (0ms)
			SetupTypeCache (168ms)
			ReleaseScriptCaches (0ms)
			RebuildScriptCaches (33ms)
			SetupLoadedEditorAssemblies (267ms)
				LogAssemblyErrors (0ms)
				InitializePlatformSupportModulesInManaged (3ms)
				SetLoadedEditorAssemblies (0ms)
				RefreshPlugins (0ms)
				BeforeProcessingInitializeOnLoad (55ms)
				ProcessInitializeOnLoadAttributes (186ms)
				ProcessInitializeOnLoadMethodAttributes (20ms)
				AfterProcessingInitializeOnLoad (2ms)
				EditorAssembliesLoaded (0ms)
			ExecutionOrderSort2 (0ms)
			AwakeInstancesAfterBackupRestoration (4ms)
Platform modules already initialized, skipping
========================================================================
Worker process is ready to serve import requests
Launched and connected shader compiler UnityShaderCompiler.exe after 0.03 seconds
Refreshing native plugins compatible for Editor in 0.52 ms, found 3 plugins.
Preloading 0 native plugins for Editor in 0.00 ms.
Unloading 3773 Unused Serialized files (Serialized files now loaded: 0)
Unloading 28 unused Assets / (161.4 KB). Loaded Objects now: 4232.
Memory consumption went from 134.4 MB to 134.2 MB.
Total: 3.243100 ms (FindLiveObjects: 0.196300 ms CreateObjectMapping: 0.076000 ms MarkObjects: 2.873700 ms  DeleteObjects: 0.096200 ms)

AssetImportParameters requested are different than current active one (requested -> active):
  custom:video-decoder-ogg-theora: a1e56fd34408186e4bbccfd4996cb3dc -> 
  custom:container-muxer-webm: aa71ff27fc2769a1b78a27578f13a17b -> 
  custom:container-demuxer-webm: 4f35f7cbe854078d1ac9338744f61a02 -> 
  custom:video-encoder-webm-vp8: eb34c28f22e8b96e1ab97ce403110664 -> 
  custom:audio-encoder-webm-vorbis: bf7c407c2cedff20999df2af8eb42d56 -> 
  custom:framework-win-MediaFoundation: 216162199b28c13a410421893ffa2e32 -> 
  custom:container-demuxer-ogg: 62fdf1f143b41e24485cea50d1cbac27 -> 
  custom:video-decoder-webm-vp8: 9c59270c3fd7afecdb556c50c9e8de78 -> 
  custom:audio-decoder-ogg-vorbis: bf7c407c2cedff20999df2af8eb42d56 -> 
========================================================================
Received Import Request.
  Time since last request: 1691570.432357 seconds.
  path: Assets/texture/New Material 1.mat
  artifactKey: Guid(e83a9318ec38750458d13535403fea91) Importer(815301076,1909f56bfc062723c751e8b465ee728b)
Start importing Assets/texture/New Material 1.mat using Guid(e83a9318ec38750458d13535403fea91) Importer(815301076,1909f56bfc062723c751e8b465ee728b)  -> (artifact id: '2e462c2ef5703ea37ac0dace256c12dd') in 0.085840 seconds 
========================================================================
Received Import Request.
  Time since last request: 0.264980 seconds.
  path: Assets/texture/Material
  artifactKey: Guid(2eb5e37ebf2fc29459cab2d385dee901) Importer(815301076,1909f56bfc062723c751e8b465ee728b)
Start importing Assets/texture/Material using Guid(2eb5e37ebf2fc29459cab2d385dee901) Importer(815301076,1909f56bfc062723c751e8b465ee728b)  -> (artifact id: '561601ee4dfbb5ed7538a06dd9544329') in 0.005844 seconds 
========================================================================
Received Import Request.
  Time since last request: 81.618791 seconds.
  path: Assets/texture/地板.png
  artifactKey: Guid(9c283d94b7a6b1d4aa45722fb7c00377) Importer(815301076,1909f56bfc062723c751e8b465ee728b)
Start importing Assets/texture/地板.png using Guid(9c283d94b7a6b1d4aa45722fb7c00377) Importer(815301076,1909f56bfc062723c751e8b465ee728b)  -> (artifact id: '6872692b378dcff910ad5d3303a2f480') in 0.079307 seconds 
========================================================================
Received Import Request.
  Time since last request: 0.000024 seconds.
  path: Assets/texture/深木地板.png
  artifactKey: Guid(28f75df1fd545c141be224916511b976) Importer(815301076,1909f56bfc062723c751e8b465ee728b)
Start importing Assets/texture/深木地板.png using Guid(28f75df1fd545c141be224916511b976) Importer(815301076,1909f56bfc062723c751e8b465ee728b)  -> (artifact id: '70b58fdf9783558e4121af1e77e26746') in 0.023946 seconds 
========================================================================
Received Import Request.
  Time since last request: 0.000021 seconds.
  path: Assets/texture/深色木家具材质.png
  artifactKey: Guid(f41873025c321fc4faf73219129e4889) Importer(815301076,1909f56bfc062723c751e8b465ee728b)
Start importing Assets/texture/深色木家具材质.png using Guid(f41873025c321fc4faf73219129e4889) Importer(815301076,1909f56bfc062723c751e8b465ee728b)  -> (artifact id: 'ac83ccf84edc99f99256985e038329f6') in 0.015045 seconds 
========================================================================
Received Import Request.
  Time since last request: 0.000023 seconds.
  path: Assets/texture/暗木纹.png
  artifactKey: Guid(8e4dd5f3f4671ab498981125f8ab1a87) Importer(815301076,1909f56bfc062723c751e8b465ee728b)
Start importing Assets/texture/暗木纹.png using Guid(8e4dd5f3f4671ab498981125f8ab1a87) Importer(815301076,1909f56bfc062723c751e8b465ee728b)  -> (artifact id: '101eee75885f610cb1894132e499ff41') in 0.014434 seconds 
========================================================================
Received Import Request.
  Time since last request: 0.000018 seconds.
  path: Assets/texture/天花板.png
  artifactKey: Guid(d42a98a242ca5244ea6a395d36391779) Importer(815301076,1909f56bfc062723c751e8b465ee728b)
Start importing Assets/texture/天花板.png using Guid(d42a98a242ca5244ea6a395d36391779) Importer(815301076,1909f56bfc062723c751e8b465ee728b)  -> (artifact id: '523a2861b896a746177bef42587e4de9') in 0.022299 seconds 
========================================================================
Received Import Request.
  Time since last request: 54.054161 seconds.
  path: Packages/com.unity.probuilder/Content/Resources/Materials/EdgePicker.mat
  artifactKey: Guid(4ff996e3a0a5743a3987ab6231160665) Importer(815301076,1909f56bfc062723c751e8b465ee728b)
Start importing Packages/com.unity.probuilder/Content/Resources/Materials/EdgePicker.mat using Guid(4ff996e3a0a5743a3987ab6231160665) Importer(815301076,1909f56bfc062723c751e8b465ee728b)  -> (artifact id: '23cff8872a01cc074e9134fefa313dc0') in 0.013903 seconds 
========================================================================
Received Import Request.
  Time since last request: 0.000028 seconds.
  path: Packages/com.unity.probuilder/Content/Resources/Materials/VertexPickerHDRP.mat
  artifactKey: Guid(7d5c9fc287a2aa945a98203d41282923) Importer(815301076,1909f56bfc062723c751e8b465ee728b)
Start importing Packages/com.unity.probuilder/Content/Resources/Materials/VertexPickerHDRP.mat using Guid(7d5c9fc287a2aa945a98203d41282923) Importer(815301076,1909f56bfc062723c751e8b465ee728b)  -> (artifact id: '27ec1c91e7a8d2e671ef6de410ba1f05') in 0.019566 seconds 
========================================================================
Received Import Request.
  Time since last request: 0.000063 seconds.
  path: Packages/com.unity.probuilder/Content/Resources/Materials/Trigger.mat
  artifactKey: Guid(a1e97cbf2538241b691aae8243b5fb10) Importer(815301076,1909f56bfc062723c751e8b465ee728b)
Start importing Packages/com.unity.probuilder/Content/Resources/Materials/Trigger.mat using Guid(a1e97cbf2538241b691aae8243b5fb10) Importer(815301076,1909f56bfc062723c751e8b465ee728b)  -> (artifact id: 'e771e0079104a25ef67fd9de9fbbc4d2') in 0.081673 seconds 
========================================================================
Received Import Request.
  Time since last request: 0.000021 seconds.
  path: Packages/com.unity.probuilder/Content/Resources/Materials/VertexPicker.mat
  artifactKey: Guid(30a8575e1d4cc4e01a88ffbf4f973d80) Importer(815301076,1909f56bfc062723c751e8b465ee728b)
Start importing Packages/com.unity.probuilder/Content/Resources/Materials/VertexPicker.mat using Guid(30a8575e1d4cc4e01a88ffbf4f973d80) Importer(815301076,1909f56bfc062723c751e8b465ee728b)  -> (artifact id: 'b5c72248b2e5b928d579548dab002034') in 0.060787 seconds 
========================================================================
Received Import Request.
  Time since last request: 0.000025 seconds.
  path: Packages/com.unity.probuilder/Content/Resources/Materials/InvisibleFace.mat
  artifactKey: Guid(978bbcf5050244f1b95128c04103f628) Importer(815301076,1909f56bfc062723c751e8b465ee728b)
Start importing Packages/com.unity.probuilder/Content/Resources/Materials/InvisibleFace.mat using Guid(978bbcf5050244f1b95128c04103f628) Importer(815301076,1909f56bfc062723c751e8b465ee728b)  -> (artifact id: 'dcc824679adb3933b70630baa18fff7a') in 0.015789 seconds 
========================================================================
Received Import Request.
  Time since last request: 0.000030 seconds.
  path: Packages/com.unity.probuilder/Content/Resources/Materials/StandardVertexColorHDRP.mat
  artifactKey: Guid(c35693c079f3840f7938a4a323096e84) Importer(815301076,1909f56bfc062723c751e8b465ee728b)
Start importing Packages/com.unity.probuilder/Content/Resources/Materials/StandardVertexColorHDRP.mat using Guid(c35693c079f3840f7938a4a323096e84) Importer(815301076,1909f56bfc062723c751e8b465ee728b)  -> (artifact id: '85abc205bb0284cb83b85cd69ccc2afa') in 0.015769 seconds 
========================================================================
Received Import Request.
  Time since last request: 447.652465 seconds.
  path: Assets/texture/Materials/天花板.mat
  artifactKey: Guid(7cd889d96c00494418e946c6e71b0f07) Importer(815301076,1909f56bfc062723c751e8b465ee728b)
Start importing Assets/texture/Materials/天花板.mat using Guid(7cd889d96c00494418e946c6e71b0f07) Importer(815301076,1909f56bfc062723c751e8b465ee728b)  -> (artifact id: '1860c43cd41e152c34ef70f15ac8f750') in 0.024278 seconds 
========================================================================
Received Import Request.
  Time since last request: 143.327409 seconds.
  path: Assets/texture/Materials/木纹家具材质.mat
  artifactKey: Guid(431f034ee3b76394497fceabfc2feb46) Importer(815301076,1909f56bfc062723c751e8b465ee728b)
Start importing Assets/texture/Materials/木纹家具材质.mat using Guid(431f034ee3b76394497fceabfc2feb46) Importer(815301076,1909f56bfc062723c751e8b465ee728b)  -> (artifact id: 'efb8c29dd75a24a1706bb3b5f5716543') in 0.011979 seconds 
